0 info it worked if it ends with ok
1 verbose cli [ '/usr/local/bin/node',
1 verbose cli   '/usr/local/bin/npm',
1 verbose cli   'run',
1 verbose cli   'gulp',
1 verbose cli   'watch' ]
2 info using npm@3.6.0
3 info using node@v5.6.0
4 verbose run-script [ 'pregulp', 'gulp', 'postgulp' ]
5 info lifecycle mobiamo@~pregulp: mobiamo@
6 silly lifecycle mobiamo@~pregulp: no script for pregulp, continuing
7 info lifecycle mobiamo@~gulp: mobiamo@
8 verbose lifecycle mobiamo@~gulp: unsafe-perm in lifecycle true
9 verbose lifecycle mobiamo@~gulp: PATH: /usr/local/lib/node_modules/npm/bin/node-gyp-bin:/Users/yaroslav.muliar/Desktop/YVM/gitlab/mobiamo/node_modules/.bin:/usr/local/bin:/usr/bin:/bin:/usr/sbin:/sbin
10 verbose lifecycle mobiamo@~gulp: CWD: /Users/yaroslav.muliar/Desktop/YVM/gitlab/mobiamo
11 silly lifecycle mobiamo@~gulp: Args: [ '-c', 'gulp "watch"' ]
12 silly lifecycle mobiamo@~gulp: Returned: code: 1  signal: null
13 info lifecycle mobiamo@~gulp: Failed to exec gulp script
14 verbose stack Error: mobiamo@ gulp: `gulp "watch"`
14 verbose stack Exit status 1
14 verbose stack     at EventEmitter.<anonymous> (/usr/local/lib/node_modules/npm/lib/utils/lifecycle.js:232:16)
14 verbose stack     at emitTwo (events.js:100:13)
14 verbose stack     at EventEmitter.emit (events.js:185:7)
14 verbose stack     at ChildProcess.<anonymous> (/usr/local/lib/node_modules/npm/lib/utils/spawn.js:24:14)
14 verbose stack     at emitTwo (events.js:100:13)
14 verbose stack     at ChildProcess.emit (events.js:185:7)
14 verbose stack     at maybeClose (internal/child_process.js:827:16)
14 verbose stack     at Process.ChildProcess._handle.onexit (internal/child_process.js:211:5)
15 verbose pkgid mobiamo@
16 verbose cwd /Users/yaroslav.muliar/Desktop/YVM/gitlab/mobiamo
17 error Darwin 15.3.0
18 error argv "/usr/local/bin/node" "/usr/local/bin/npm" "run" "gulp" "watch"
19 error node v5.6.0
20 error npm  v3.6.0
21 error code ELIFECYCLE
22 error mobiamo@ gulp: `gulp "watch"`
22 error Exit status 1
23 error Failed at the mobiamo@ gulp script 'gulp "watch"'.
23 error Make sure you have the latest version of node.js and npm installed.
23 error If you do, this is most likely a problem with the mobiamo package,
23 error not with npm itself.
23 error Tell the author that this fails on your system:
23 error     gulp "watch"
23 error You can get information on how to open an issue for this project with:
23 error     npm bugs mobiamo
23 error Or if that isn't available, you can get their info via:
23 error     npm owner ls mobiamo
23 error There is likely additional logging output above.
24 verbose exit [ 1, true ]
